2025-05-30 10:05:16 error: Error getting inactive PPPoE users: activeConnections.map is not a function
2025-06-04 08:08:04 error: Error checking customer: No device found with phone number: 6281947215703
2025-06-04 08:09:52 error: Error getting system stats: genieacsApi.getAllDevices is not a function
2025-06-04 08:09:52 error: Web interface error: E:\Whatsapp-Only\web\views\admin\dashboard.ejs:1
 >> 1| <%- include('../layouts/main', { 
    2|     title: title,
    3|     content: `
    4|         <div class="d-flex justify-content-between flex-wrap flex-md-nowrap align-items-center pt-3 pb-2 mb-3 border-bottom">

E:\Whatsapp-Only\web\views\layouts\main.ejs:202
    200|                     
    201|                     <ul class="nav flex-column">
 >> 202|                         <%- include('../partials/sidebar') %>
    203|                     </ul>
    204|                     
    205|                     <!-- Logout -->

E:\Whatsapp-Only\web\views\partials\sidebar.ejs:4
    2|     <!-- Admin Sidebar -->
    3|     <li class="nav-item">
 >> 4|         <a class="nav-link <%= req.path === '/admin/dashboard' ? 'active' : '' %>" href="/admin/dashboard">
    5|             <i class="bi bi-speedometer2"></i> Dashboard
    6|         </a>
    7|     </li>

req is not defined
2025-06-04 08:10:07 error: Error getting system stats: genieacsApi.getAllDevices is not a function
2025-06-04 08:10:07 error: Web interface error: E:\Whatsapp-Only\web\views\admin\dashboard.ejs:1
 >> 1| <%- include('../layouts/main', { 
    2|     title: title,
    3|     content: `
    4|         <div class="d-flex justify-content-between flex-wrap flex-md-nowrap align-items-center pt-3 pb-2 mb-3 border-bottom">

E:\Whatsapp-Only\web\views\layouts\main.ejs:202
    200|                     
    201|                     <ul class="nav flex-column">
 >> 202|                         <%- include('../partials/sidebar') %>
    203|                     </ul>
    204|                     
    205|                     <!-- Logout -->

E:\Whatsapp-Only\web\views\partials\sidebar.ejs:4
    2|     <!-- Admin Sidebar -->
    3|     <li class="nav-item">
 >> 4|         <a class="nav-link <%= req.path === '/admin/dashboard' ? 'active' : '' %>" href="/admin/dashboard">
    5|             <i class="bi bi-speedometer2"></i> Dashboard
    6|         </a>
    7|     </li>

req is not defined
2025-06-04 08:13:42 error: Error getting system stats: genieacsApi.getAllDevices is not a function
2025-06-04 08:14:09 error: Admin devices error: genieacsApi.getAllDevices is not a function
2025-06-04 08:14:09 error: Web interface error: Failed to lookup view "admin/devices" in views directory "E:\Whatsapp-Only\web\views"
2025-06-04 08:14:23 error: Error getting system stats: genieacsApi.getAllDevices is not a function
2025-06-04 08:14:24 error: Web interface error: Failed to lookup view "admin/network" in views directory "E:\Whatsapp-Only\web\views"
2025-06-04 08:14:28 error: Web interface error: Failed to lookup view "admin/pppoe" in views directory "E:\Whatsapp-Only\web\views"
2025-06-04 08:14:40 error: Admin devices error: genieacsApi.getAllDevices is not a function
2025-06-04 08:14:40 error: Web interface error: Failed to lookup view "admin/devices" in views directory "E:\Whatsapp-Only\web\views"
2025-06-04 08:15:46 error: Error getting system stats: genieacsApi.getAllDevices is not a function
2025-06-04 08:15:56 error: Admin devices error: genieacsApi.getAllDevices is not a function
2025-06-04 08:15:56 error: Web interface error: Failed to lookup view "admin/devices" in views directory "E:\Whatsapp-Only\web\views"
2025-06-04 08:16:01 error: Web interface error: Failed to lookup view "admin/network" in views directory "E:\Whatsapp-Only\web\views"
2025-06-04 08:16:12 error: Error getting system stats: genieacsApi.getAllDevices is not a function
2025-06-04 08:16:42 error: Error getting system stats: genieacsApi.getAllDevices is not a function
2025-06-04 08:17:12 error: Error getting system stats: genieacsApi.getAllDevices is not a function
2025-06-04 08:17:42 error: Error getting system stats: genieacsApi.getAllDevices is not a function
2025-06-04 08:18:12 error: Error getting system stats: genieacsApi.getAllDevices is not a function
2025-06-04 08:18:42 error: Error getting system stats: genieacsApi.getAllDevices is not a function
2025-06-04 08:19:12 error: Error getting system stats: genieacsApi.getAllDevices is not a function
2025-06-04 08:19:42 error: Error getting system stats: genieacsApi.getAllDevices is not a function
2025-06-04 08:19:56 error: Admin devices error: genieacsApi.getAllDevices is not a function
2025-06-04 08:20:07 error: Admin devices error: genieacsApi.getAllDevices is not a function
2025-06-04 08:20:12 error: Error getting system stats: genieacsApi.getAllDevices is not a function
2025-06-04 08:20:18 error: Admin devices error: genieacsApi.getAllDevices is not a function
2025-06-04 08:20:23 error: Admin devices error: genieacsApi.getAllDevices is not a function
2025-06-04 08:20:49 error: Error getting system stats: genieacsApi.getAllDevices is not a function
2025-06-04 08:20:50 error: Admin devices error: genieacsApi.getAllDevices is not a function
2025-06-04 08:21:02 error: Admin devices error: genieacsApi.getAllDevices is not a function
2025-06-04 08:22:31 error: Error getting system stats: genieacsApi.getAllDevices is not a function
2025-06-04 08:23:01 error: Error getting system stats: genieacsApi.getAllDevices is not a function
2025-06-04 08:23:31 error: Error getting system stats: genieacsApi.getAllDevices is not a function
2025-06-04 08:24:01 error: Error getting system stats: genieacsApi.getAllDevices is not a function
2025-06-04 08:24:31 error: Error getting system stats: genieacsApi.getAllDevices is not a function
2025-06-04 08:25:01 error: Error getting system stats: genieacsApi.getAllDevices is not a function
2025-06-04 08:25:31 error: Error getting system stats: genieacsApi.getAllDevices is not a function
2025-06-04 08:26:01 error: Error getting system stats: genieacsApi.getAllDevices is not a function
2025-06-04 08:26:31 error: Error getting system stats: genieacsApi.getAllDevices is not a function
2025-06-04 08:27:01 error: Error getting system stats: genieacsApi.getAllDevices is not a function
2025-06-04 08:27:31 error: Error getting system stats: genieacsApi.getAllDevices is not a function
2025-06-04 08:28:01 error: Error getting system stats: genieacsApi.getAllDevices is not a function
2025-06-04 08:28:31 error: Error getting system stats: genieacsApi.getAllDevices is not a function
2025-06-04 08:29:01 error: Error getting system stats: genieacsApi.getAllDevices is not a function
2025-06-04 08:29:30 error: Admin devices error: genieacsApi.getAllDevices is not a function
2025-06-04 08:30:22 error: Error getting all devices: genieacsApi.getAllDevices is not a function
2025-06-04 08:30:27 error: Error getting all devices: genieacsApi.getAllDevices is not a function
2025-06-04 08:30:39 error: Error getting all devices: genieacsApi.getAllDevices is not a function
2025-06-04 08:30:42 error: Error getting all devices: genieacsApi.getAllDevices is not a function
2025-06-04 08:31:12 error: Error getting all devices: genieacsApi.getAllDevices is not a function
2025-06-04 08:31:42 error: Error getting all devices: genieacsApi.getAllDevices is not a function
2025-06-04 08:32:12 error: Error getting all devices: genieacsApi.getAllDevices is not a function
2025-06-04 08:32:42 error: Error getting all devices: genieacsApi.getAllDevices is not a function
2025-06-04 08:33:12 error: Error getting all devices: genieacsApi.getAllDevices is not a function
2025-06-04 08:33:42 error: Error getting all devices: genieacsApi.getAllDevices is not a function
2025-06-04 08:37:38 error: Web interface error: Failed to lookup view "admin/device-detail" in views directory "E:\Whatsapp-Only\web\views"
2025-06-04 08:38:18 error: Web interface error: Failed to lookup view "admin/device-detail" in views directory "E:\Whatsapp-Only\web\views"
2025-06-04 08:38:28 error: Web interface error: Failed to lookup view "admin/device-detail" in views directory "E:\Whatsapp-Only\web\views"
2025-06-04 08:59:43 error: Error getting PPPoE connections: mikrotikCommands.getPPPoEConnections is not a function
2025-06-04 09:00:06 error: Error getting PPPoE connections: mikrotikCommands.getPPPoEConnections is not a function
2025-06-04 09:00:41 error: Error getting PPPoE connections: mikrotikCommands.getPPPoEConnections is not a function
2025-06-04 09:00:47 error: Error getting PPPoE connections: mikrotikCommands.getPPPoEConnections is not a function
2025-06-04 09:01:27 error: Error getting PPPoE connections: mikrotikCommands.getPPPoEConnections is not a function
2025-06-04 09:01:46 error: Error getting PPPoE connections: mikrotikCommands.getPPPoEConnections is not a function
2025-06-04 09:07:40 error: Error getting PPPoE connections: mikrotikCommands.getPPPoEConnections is not a function
2025-06-04 09:07:43 error: Error getting PPPoE connections: mikrotikCommands.getPPPoEConnections is not a function
2025-06-04 09:07:59 error: Error getting PPPoE connections: mikrotikCommands.getPPPoEConnections is not a function
2025-06-04 09:08:14 error: Error getting PPPoE connections: mikrotikCommands.getPPPoEConnections is not a function
2025-06-04 09:08:44 error: Error getting PPPoE connections: mikrotikCommands.getPPPoEConnections is not a function
2025-06-04 09:09:14 error: Error getting PPPoE connections: mikrotikCommands.getPPPoEConnections is not a function
2025-06-04 09:09:30 error: Error getting PPPoE connections: mikrotikCommands.getPPPoEConnections is not a function
2025-06-04 09:10:52 error: Error getting PPPoE connections: mikrotikCommands.getPPPoEConnections is not a function
2025-06-04 09:30:16 error: Error getting all hotspot users: mikrotikGetAllUsers is not a function
2025-06-04 09:30:16 error: Web interface error: Could not find matching close tag for "<%-".
2025-06-04 09:34:56 error: Error getting all hotspot users: mikrotikGetAllUsers is not a function
2025-06-04 09:34:57 error: Error getting all hotspot users: mikrotikGetAllUsers is not a function
2025-06-04 09:35:12 error: Error getting all hotspot users: mikrotikGetAllUsers is not a function
2025-06-04 09:35:12 error: Error getting all hotspot users: mikrotikGetAllUsers is not a function
2025-06-04 09:35:24 error: Error getting all hotspot users: mikrotikGetAllUsers is not a function
2025-06-04 09:35:24 error: Error getting all hotspot users: mikrotikGetAllUsers is not a function
2025-06-04 09:35:54 error: Error getting all hotspot users: mikrotikGetAllUsers is not a function
2025-06-04 09:36:53 error: Get PPPoE user error: getAllPPPoESecrets is not a function
2025-06-04 09:37:30 error: Error getting all hotspot users: mikrotikGetAllUsers is not a function
2025-06-04 09:37:30 error: Error getting all hotspot users: mikrotikGetAllUsers is not a function
2025-06-04 10:29:50 error: Get PPPoE user error: pppoeUsers.find is not a function
2025-06-04 10:58:14 error: Get PPPoE user error: pppoeUsers.find is not a function
2025-06-04 10:58:40 error: Get PPPoE user error: pppoeUsers.find is not a function
2025-06-04 11:33:45 error: Failed to load settings from E:\settings.json: ENOENT: no such file or directory, open 'E:\settings.json'
2025-06-04 11:33:52 error: Failed to load settings from E:\settings.json: ENOENT: no such file or directory, open 'E:\settings.json'
2025-06-04 13:00:44 error: Web interface error: Could not find matching close tag for "<%-".
2025-06-04 13:01:10 error: Web interface error: Could not find matching close tag for "<%-".
2025-06-04 13:01:21 error: Web interface error: Could not find matching close tag for "<%-".
2025-06-04 21:10:27 error: Error sending OTP to 081321960111: Connection Closed
2025-06-04 21:15:30 error: Error sending OTP to 081321960111: Connection Closed
2025-06-04 21:15:40 error: Error finding device with phone number 087824972048: No device found with phone number: 087824972048
2025-06-04 21:33:01 error: Error getting traffic stats: mikrotikCommands.getResourceInfo is not a function
2025-06-04 21:33:05 error: Error getting traffic stats: mikrotikCommands.getResourceInfo is not a function
2025-06-04 21:33:21 error: Error getting traffic stats: mikrotikCommands.getResourceInfo is not a function
2025-06-04 21:33:51 error: Error getting traffic stats: mikrotikCommands.getResourceInfo is not a function
2025-06-04 21:34:21 error: Error getting traffic stats: mikrotikCommands.getResourceInfo is not a function
2025-06-04 21:34:51 error: Error getting traffic stats: mikrotikCommands.getResourceInfo is not a function
2025-06-04 21:35:21 error: Error getting traffic stats: mikrotikCommands.getResourceInfo is not a function
2025-06-04 21:35:51 error: Error getting traffic stats: mikrotikCommands.getResourceInfo is not a function
2025-06-04 21:36:21 error: Error getting traffic stats: mikrotikCommands.getResourceInfo is not a function
2025-06-04 21:36:51 error: Error getting traffic stats: mikrotikCommands.getResourceInfo is not a function
2025-06-04 21:37:21 error: Error getting traffic stats: mikrotikCommands.getResourceInfo is not a function
2025-06-04 21:37:51 error: Error getting traffic stats: mikrotikCommands.getResourceInfo is not a function
2025-06-04 21:39:43 error: Error getting traffic stats: mikrotikCommands.getResourceInfo is not a function
2025-06-04 21:39:51 error: Error getting traffic stats: mikrotikCommands.getResourceInfo is not a function
2025-06-04 21:40:21 error: Error getting traffic stats: mikrotikCommands.getResourceInfo is not a function
2025-06-04 21:44:18 error: ❌ Port 3100 is already in use!
2025-06-04 22:32:44 error: ❌ Port 3100 is already in use!
2025-06-05 08:11:32 error: Error finding device with phone number 083893116880: No device found with phone number: 083893116880
2025-06-05 08:15:50 error: Error getting all devices: Invalid URL
2025-06-05 08:15:51 error: Error getting all devices: Invalid URL
2025-06-05 08:15:52 error: Error getting all devices: Invalid URL
2025-06-05 08:15:53 error: Error connecting to Mikrotik: 
2025-06-05 08:15:53 error: No Mikrotik connection available for PPPoE monitoring
2025-06-05 08:16:15 error: Error connecting to Mikrotik: 
2025-06-05 08:16:15 error: No Mikrotik connection available
2025-06-05 08:16:15 error: Error connecting to Mikrotik: 
2025-06-05 08:16:15 error: No Mikrotik connection available for PPPoE monitoring
2025-06-05 08:16:27 error: Error getting all devices: Invalid URL
2025-06-05 08:17:15 error: Error connecting to Mikrotik: 
2025-06-05 08:17:15 error: No Mikrotik connection available
2025-06-05 08:17:15 error: Error connecting to Mikrotik: 
2025-06-05 08:17:15 error: No Mikrotik connection available for PPPoE monitoring
2025-06-05 08:17:28 error: Error getting all devices: Invalid URL
2025-06-05 08:18:15 error: Error connecting to Mikrotik: 
2025-06-05 08:18:15 error: No Mikrotik connection available
2025-06-05 08:18:15 error: Error connecting to Mikrotik: 
2025-06-05 08:18:15 error: No Mikrotik connection available for PPPoE monitoring
2025-06-05 08:18:29 error: Error getting all devices: Invalid URL
2025-06-05 08:19:15 error: Error connecting to Mikrotik: 
2025-06-05 08:19:15 error: No Mikrotik connection available
2025-06-05 08:19:15 error: Error connecting to Mikrotik: 
2025-06-05 08:19:15 error: No Mikrotik connection available for PPPoE monitoring
2025-06-05 08:19:30 error: Error getting all devices: Invalid URL
2025-06-05 08:20:15 error: Error connecting to Mikrotik: 
2025-06-05 08:20:15 error: No Mikrotik connection available
2025-06-05 08:20:15 error: Error connecting to Mikrotik: 
2025-06-05 08:20:15 error: No Mikrotik connection available for PPPoE monitoring
2025-06-05 08:20:31 error: Error getting all devices: Invalid URL
2025-06-05 08:21:15 error: Error connecting to Mikrotik: 
2025-06-05 08:21:15 error: No Mikrotik connection available
2025-06-05 08:21:15 error: Error connecting to Mikrotik: 
2025-06-05 08:21:15 error: No Mikrotik connection available for PPPoE monitoring
2025-06-05 08:21:31 error: Error getting all devices: Invalid URL
2025-06-05 08:22:15 error: Error connecting to Mikrotik: 
2025-06-05 08:22:15 error: No Mikrotik connection available
2025-06-05 08:22:15 error: Error connecting to Mikrotik: 
2025-06-05 08:22:15 error: No Mikrotik connection available for PPPoE monitoring
2025-06-05 08:22:31 error: Error getting all devices: Invalid URL
2025-06-05 08:23:15 error: Error connecting to Mikrotik: 
2025-06-05 08:23:15 error: No Mikrotik connection available
2025-06-05 08:23:15 error: Error connecting to Mikrotik: 
2025-06-05 08:23:15 error: No Mikrotik connection available for PPPoE monitoring
2025-06-05 08:23:31 error: Error getting all devices: Invalid URL
2025-06-05 08:24:15 error: Error connecting to Mikrotik: 
2025-06-05 08:24:15 error: No Mikrotik connection available
2025-06-05 08:24:15 error: Error connecting to Mikrotik: 
2025-06-05 08:24:15 error: No Mikrotik connection available for PPPoE monitoring
2025-06-05 08:24:31 error: Error getting all devices: Invalid URL
2025-06-05 08:24:40 error: Error getting all devices: Invalid URL
2025-06-05 08:24:40 error: Error getting all devices: Invalid URL
2025-06-05 08:24:42 error: Error connecting to Mikrotik: 
2025-06-05 08:24:42 error: No Mikrotik connection available for PPPoE monitoring
2025-06-05 08:24:52 error: Error getting all devices: Invalid URL
2025-06-05 08:24:57 error: Error getting all devices: Invalid URL
2025-06-05 08:24:59 error: Error getting all devices: Invalid URL
2025-06-05 08:25:15 error: Error connecting to Mikrotik: 
2025-06-05 08:25:15 error: No Mikrotik connection available
2025-06-05 08:25:15 error: Error connecting to Mikrotik: 
2025-06-05 08:25:15 error: No Mikrotik connection available for PPPoE monitoring
2025-06-05 08:26:15 error: Error connecting to Mikrotik: 
2025-06-05 08:26:15 error: No Mikrotik connection available
2025-06-05 08:26:15 error: Error connecting to Mikrotik: 
2025-06-05 08:26:15 error: No Mikrotik connection available for PPPoE monitoring
2025-06-05 08:27:15 error: Error connecting to Mikrotik: 
2025-06-05 08:27:15 error: No Mikrotik connection available
2025-06-05 08:27:15 error: Error connecting to Mikrotik: 
2025-06-05 08:27:15 error: No Mikrotik connection available for PPPoE monitoring
2025-06-05 08:28:15 error: Error connecting to Mikrotik: 
2025-06-05 08:28:15 error: No Mikrotik connection available
2025-06-05 08:28:15 error: Error connecting to Mikrotik: 
2025-06-05 08:28:15 error: No Mikrotik connection available for PPPoE monitoring
2025-06-05 08:28:47 error: ❌ Port 3100 is already in use!
2025-06-05 08:29:15 error: Error connecting to Mikrotik: 
2025-06-05 08:29:15 error: No Mikrotik connection available
2025-06-05 08:29:15 error: Error connecting to Mikrotik: 
2025-06-05 08:29:15 error: No Mikrotik connection available for PPPoE monitoring
2025-06-05 08:29:49 error: Error connecting to Mikrotik: 
2025-06-05 08:29:49 error: No Mikrotik connection available
2025-06-05 08:29:49 error: Error connecting to Mikrotik: 
2025-06-05 08:29:49 error: No Mikrotik connection available for PPPoE monitoring
2025-06-05 08:30:15 error: Error connecting to Mikrotik: 
2025-06-05 08:30:15 error: No Mikrotik connection available
2025-06-05 08:30:15 error: Error connecting to Mikrotik: 
2025-06-05 08:30:15 error: No Mikrotik connection available for PPPoE monitoring
2025-06-05 08:30:49 error: Error connecting to Mikrotik: 
2025-06-05 08:30:49 error: No Mikrotik connection available
2025-06-05 08:30:49 error: Error connecting to Mikrotik: 
2025-06-05 08:30:49 error: No Mikrotik connection available for PPPoE monitoring
2025-06-05 08:31:15 error: Error connecting to Mikrotik: 
2025-06-05 08:31:15 error: No Mikrotik connection available
2025-06-05 08:31:15 error: Error connecting to Mikrotik: 
2025-06-05 08:31:15 error: No Mikrotik connection available for PPPoE monitoring
2025-06-05 08:32:15 error: Error connecting to Mikrotik: 
2025-06-05 08:32:15 error: No Mikrotik connection available
2025-06-05 08:32:15 error: Error connecting to Mikrotik: 
2025-06-05 08:32:15 error: No Mikrotik connection available for PPPoE monitoring
2025-06-05 08:32:46 error: Error connecting to Mikrotik: 
2025-06-05 08:32:48 error: Error connecting to Mikrotik: 
2025-06-05 08:32:48 error: No Mikrotik connection available
2025-06-05 08:32:50 error: Error connecting to Mikrotik: 
2025-06-05 08:32:50 error: No Mikrotik connection available
2025-06-05 08:32:52 error: Error connecting to Mikrotik: 
2025-06-05 08:32:52 error: No Mikrotik connection available
2025-06-05 08:32:55 error: Error connecting to Mikrotik: 
2025-06-05 08:32:55 error: No Mikrotik connection available
2025-06-05 08:32:55 error: Error getting all devices: Invalid URL
2025-06-05 08:33:15 error: Error connecting to Mikrotik: 
2025-06-05 08:33:15 error: No Mikrotik connection available
2025-06-05 08:33:15 error: Error connecting to Mikrotik: 
2025-06-05 08:33:15 error: No Mikrotik connection available for PPPoE monitoring
2025-06-05 08:33:25 error: Error getting all devices: Invalid URL
2025-06-05 08:33:55 error: Error getting all devices: Invalid URL
2025-06-05 08:34:15 error: Error connecting to Mikrotik: 
2025-06-05 08:34:15 error: No Mikrotik connection available
2025-06-05 08:34:15 error: Error connecting to Mikrotik: 
2025-06-05 08:34:15 error: No Mikrotik connection available for PPPoE monitoring
2025-06-05 08:34:25 error: Error getting all devices: Invalid URL
2025-06-05 08:34:55 error: Error getting all devices: Invalid URL
2025-06-05 08:35:15 error: Error connecting to Mikrotik: 
2025-06-05 08:35:15 error: No Mikrotik connection available
2025-06-05 08:35:15 error: Error connecting to Mikrotik: 
2025-06-05 08:35:15 error: No Mikrotik connection available for PPPoE monitoring
2025-06-05 08:35:25 error: Error getting all devices: Invalid URL
2025-06-05 08:35:55 error: Error getting all devices: Invalid URL
2025-06-05 08:36:15 error: Error connecting to Mikrotik: 
2025-06-05 08:36:15 error: No Mikrotik connection available
2025-06-05 08:36:15 error: Error connecting to Mikrotik: 
2025-06-05 08:36:15 error: No Mikrotik connection available for PPPoE monitoring
2025-06-05 08:36:25 error: Error getting all devices: Invalid URL
2025-06-05 08:36:55 error: Error getting all devices: Invalid URL
2025-06-05 08:37:15 error: Error connecting to Mikrotik: 
2025-06-05 08:37:15 error: No Mikrotik connection available
2025-06-05 08:37:15 error: Error connecting to Mikrotik: 
2025-06-05 08:37:15 error: No Mikrotik connection available for PPPoE monitoring
2025-06-05 08:37:25 error: Error getting all devices: Invalid URL
2025-06-05 08:37:56 error: Error getting all devices: Invalid URL
2025-06-05 08:38:15 error: Error connecting to Mikrotik: 
2025-06-05 08:38:15 error: No Mikrotik connection available
2025-06-05 08:38:15 error: Error connecting to Mikrotik: 
2025-06-05 08:38:15 error: No Mikrotik connection available for PPPoE monitoring
2025-06-05 08:38:26 error: Error getting all devices: Invalid URL
2025-06-05 08:38:26 error: ❌ Port 3100 is already in use!
2025-06-05 08:39:15 error: Error connecting to Mikrotik: 
2025-06-05 08:39:15 error: No Mikrotik connection available
2025-06-05 08:39:15 error: Error connecting to Mikrotik: 
2025-06-05 08:39:15 error: No Mikrotik connection available for PPPoE monitoring
2025-06-05 08:39:16 error: Error getting all devices: Invalid URL
2025-06-05 08:39:20 error: Error connecting to Mikrotik: 
2025-06-05 08:39:22 error: Error connecting to Mikrotik: 
2025-06-05 08:39:22 error: No Mikrotik connection available
2025-06-05 08:39:24 error: Error connecting to Mikrotik: 
2025-06-05 08:39:24 error: No Mikrotik connection available
2025-06-05 08:39:25 error: Error getting all devices: Invalid URL
2025-06-05 08:39:26 error: Error connecting to Mikrotik: 
2025-06-05 08:39:26 error: No Mikrotik connection available
2025-06-05 08:39:28 error: Error connecting to Mikrotik: 
2025-06-05 08:39:28 error: No Mikrotik connection available
2025-06-05 08:39:28 error: Error getting all devices: Invalid URL
2025-06-05 08:39:34 error: Error getting all devices: Invalid URL
2025-06-05 08:39:34 error: Error getting all devices: Invalid URL
2025-06-05 08:39:36 error: Error connecting to Mikrotik: 
2025-06-05 08:39:36 error: No Mikrotik connection available for PPPoE monitoring
2025-06-05 08:39:37 error: Error getting all devices: Invalid URL
2025-06-05 08:39:41 error: Error connecting to Mikrotik: 
2025-06-05 08:39:43 error: Error connecting to Mikrotik: 
2025-06-05 08:39:43 error: No Mikrotik connection available
2025-06-05 08:39:45 error: Error connecting to Mikrotik: 
2025-06-05 08:39:45 error: No Mikrotik connection available
2025-06-05 08:39:47 error: Error connecting to Mikrotik: 
2025-06-05 08:39:47 error: No Mikrotik connection available
2025-06-05 08:39:49 error: Error connecting to Mikrotik: 
2025-06-05 08:39:49 error: No Mikrotik connection available
2025-06-05 08:39:49 error: Error getting all devices: Invalid URL
2025-06-05 08:40:15 error: Error connecting to Mikrotik: 
2025-06-05 08:40:15 error: No Mikrotik connection available
2025-06-05 08:40:15 error: Error connecting to Mikrotik: 
2025-06-05 08:40:15 error: No Mikrotik connection available for PPPoE monitoring
2025-06-05 08:52:06 error: ❌ Port 3100 is already in use!
2025-06-05 10:38:17 error: ❌ Port 3100 is already in use!
2025-06-05 10:49:25 error: Error adding hotspot user: failure: already have user with this name for this server
2025-06-05 10:49:25 error: Error adding hotspot user: failure: already have user with this name for this server
2025-06-05 10:57:51 error: Error adding hotspot user: failure: already have user with this name for this server
2025-06-05 10:57:51 error: Error adding hotspot user: failure: already have user with this name for this server
2025-06-05 14:40:19 error: Mikrotik connection error: 
2025-06-05 14:40:19 error: Error connecting to Mikrotik: 
2025-06-05 14:40:19 error: No Mikrotik connection available
2025-06-05 14:40:19 error: Error connecting to Mikrotik: 
2025-06-05 14:40:19 error: No Mikrotik connection available for PPPoE monitoring
2025-06-05 14:40:21 error: Error connecting to Mikrotik: 
2025-06-05 14:40:21 error: No Mikrotik connection available
2025-06-05 14:40:21 error: Error connecting to Mikrotik: 
2025-06-05 14:40:21 error: No Mikrotik connection available
2025-06-05 14:40:23 error: Error getting all devices: connect EHOSTUNREACH 192.168.8.89:7557
2025-06-05 14:40:23 error: Error connecting to Mikrotik: 
2025-06-05 14:40:23 error: No Mikrotik connection available
2025-06-05 14:40:23 error: Error connecting to Mikrotik: 
2025-06-05 14:40:23 error: Error connecting to Mikrotik: 
2025-06-05 14:40:23 error: No Mikrotik connection available
2025-07-05 20:32:00 error: Mikrotik connection error: Timed out after 10 seconds
2025-07-05 20:32:47 error: Mikrotik connection error: Timed out after 10 seconds
2025-07-05 20:33:47 error: Mikrotik connection error: Timed out after 10 seconds
2025-07-05 20:34:47 error: Mikrotik connection error: Timed out after 10 seconds
2025-07-05 20:35:47 error: Mikrotik connection error: Timed out after 10 seconds
2025-07-05 20:36:52 error: Mikrotik connection error: Timed out after 10 seconds
2025-07-05 20:37:47 error: Mikrotik connection error: Timed out after 10 seconds
2025-07-05 20:38:47 error: Mikrotik connection error: Timed out after 10 seconds
2025-07-05 20:39:47 error: Mikrotik connection error: Timed out after 10 seconds
2025-07-05 20:40:47 error: Mikrotik connection error: Timed out after 10 seconds
2025-07-05 20:41:47 error: Mikrotik connection error: Timed out after 10 seconds
2025-07-05 20:42:47 error: Mikrotik connection error: Timed out after 10 seconds
2025-07-05 20:43:47 error: Mikrotik connection error: Timed out after 10 seconds
2025-07-05 20:44:47 error: Mikrotik connection error: Timed out after 10 seconds
2025-07-05 20:45:47 error: Mikrotik connection error: Timed out after 10 seconds
2025-07-05 20:46:47 error: Mikrotik connection error: Timed out after 10 seconds
2025-07-05 20:47:47 error: Mikrotik connection error: Timed out after 10 seconds
2025-07-05 20:48:47 error: Mikrotik connection error: Timed out after 10 seconds
2025-07-05 21:08:10 error: Mikrotik connection error: Timed out after 10 seconds
2025-07-05 21:08:26 error: Mikrotik connection error: Timed out after 10 seconds
2025-07-05 21:08:40 error: Mikrotik connection error: Timed out after 10 seconds
2025-07-05 21:09:10 error: Mikrotik connection error: Timed out after 10 seconds
2025-07-05 21:09:25 error: Mikrotik connection error: Timed out after 10 seconds
2025-07-05 21:09:45 error: Mikrotik connection error: Timed out after 10 seconds
2025-07-05 21:10:31 error: Mikrotik connection error: Timed out after 10 seconds
2025-07-05 21:10:50 error: Web interface error: Unexpected token '/' in E:\Whatsapp-Only\web\views\admin\settings.ejs while compiling ejs

If the above error is not helpful, you may want to try EJS-Lint:
https://github.com/RyanZim/EJS-Lint
Or, if you meant to create an async function, pass `async: true` as an option.
2025-07-05 21:11:01 error: Mikrotik connection error: Timed out after 10 seconds
2025-07-05 21:11:31 error: Mikrotik connection error: Timed out after 10 seconds
2025-07-05 21:12:01 error: Mikrotik connection error: Timed out after 10 seconds
2025-07-05 21:12:31 error: Mikrotik connection error: Timed out after 10 seconds
2025-07-05 21:13:01 error: Mikrotik connection error: Timed out after 10 seconds
2025-07-05 21:13:22 error: Web interface error: Unexpected token '/' in E:\Whatsapp-Only\web\views\admin\settings.ejs while compiling ejs

If the above error is not helpful, you may want to try EJS-Lint:
https://github.com/RyanZim/EJS-Lint
Or, if you meant to create an async function, pass `async: true` as an option.
2025-07-05 21:13:27 error: Mikrotik connection error: Timed out after 10 seconds
2025-07-05 21:15:17 error: Mikrotik connection error: Timed out after 10 seconds
2025-07-05 21:16:16 error: Mikrotik connection error: Timed out after 10 seconds
2025-07-05 21:17:16 error: Mikrotik connection error: Timed out after 10 seconds
2025-07-05 21:18:16 error: Mikrotik connection error: Timed out after 10 seconds
2025-07-05 21:19:16 error: Mikrotik connection error: Timed out after 10 seconds
2025-07-05 21:19:36 error: Mikrotik connection error: Timed out after 10 seconds
2025-07-05 21:20:17 error: Mikrotik connection error: Timed out after 10 seconds
2025-07-05 21:21:16 error: Mikrotik connection error: Timed out after 10 seconds
2025-07-05 21:22:16 error: Mikrotik connection error: Timed out after 10 seconds
2025-07-05 21:23:17 error: Mikrotik connection error: Timed out after 10 seconds
2025-07-05 21:24:17 error: Mikrotik connection error: Timed out after 10 seconds
2025-07-05 21:25:00 error: Mikrotik connection error: Timed out after 10 seconds
2025-07-05 21:25:16 error: Mikrotik connection error: Timed out after 10 seconds
2025-07-05 21:25:24 error: Mikrotik connection error: Timed out after 10 seconds
2025-07-05 21:25:36 error: Mikrotik connection error: Timed out after 10 seconds
2025-07-05 21:26:17 error: Mikrotik connection error: Timed out after 10 seconds
2025-07-05 21:26:39 error: Mikrotik connection error: Timed out after 10 seconds
2025-07-05 21:27:17 error: Mikrotik connection error: Timed out after 10 seconds
2025-07-05 21:28:17 error: Mikrotik connection error: Timed out after 10 seconds
2025-07-05 21:29:17 error: Mikrotik connection error: Timed out after 10 seconds
2025-07-05 21:30:17 error: Mikrotik connection error: Timed out after 10 seconds
2025-07-05 21:31:17 error: Mikrotik connection error: Timed out after 10 seconds
2025-07-05 21:32:17 error: Mikrotik connection error: Timed out after 10 seconds
2025-07-05 21:33:17 error: Mikrotik connection error: Timed out after 10 seconds
2025-07-05 21:34:34 error: Mikrotik connection error: Timed out after 10 seconds
2025-07-05 21:35:34 error: Mikrotik connection error: Timed out after 10 seconds
2025-07-05 21:36:34 error: Mikrotik connection error: Timed out after 10 seconds
2025-07-05 21:37:34 error: Mikrotik connection error: Timed out after 10 seconds
2025-07-05 21:38:38 error: Mikrotik connection error: Timed out after 10 seconds
2025-07-05 21:39:34 error: Mikrotik connection error: Timed out after 10 seconds
2025-07-05 21:40:34 error: Mikrotik connection error: Timed out after 10 seconds
2025-07-05 21:42:28 error: Mikrotik connection error: Timed out after 10 seconds
2025-07-05 21:43:28 error: Mikrotik connection error: Timed out after 10 seconds
2025-07-05 21:43:51 error: Mikrotik connection error: Timed out after 10 seconds
2025-07-05 21:44:28 error: Mikrotik connection error: Timed out after 10 seconds
2025-07-05 21:45:37 error: Mikrotik connection error: Timed out after 10 seconds
2025-07-05 21:46:32 error: Mikrotik connection error: Timed out after 10 seconds
2025-07-05 21:47:28 error: Mikrotik connection error: Timed out after 10 seconds
2025-07-05 21:48:28 error: Mikrotik connection error: Timed out after 10 seconds
2025-07-05 21:49:28 error: Mikrotik connection error: Timed out after 10 seconds
2025-07-05 21:50:28 error: Mikrotik connection error: Timed out after 10 seconds
2025-07-05 21:51:28 error: Mikrotik connection error: Timed out after 10 seconds
2025-07-05 21:52:28 error: Mikrotik connection error: Timed out after 10 seconds
2025-07-05 21:53:28 error: Mikrotik connection error: Timed out after 10 seconds
2025-07-05 21:54:28 error: Mikrotik connection error: Timed out after 10 seconds
2025-07-05 21:55:28 error: Mikrotik connection error: Timed out after 10 seconds
2025-07-05 21:56:28 error: Mikrotik connection error: Timed out after 10 seconds
2025-07-05 21:58:10 error: Mikrotik connection error: Timed out after 10 seconds
2025-07-05 21:59:10 error: Mikrotik connection error: Timed out after 10 seconds
2025-07-05 22:00:10 error: Mikrotik connection error: Timed out after 10 seconds
2025-07-05 22:01:10 error: Mikrotik connection error: Timed out after 10 seconds
2025-07-05 22:02:14 error: Mikrotik connection error: Timed out after 10 seconds
2025-07-05 22:03:10 error: Mikrotik connection error: Timed out after 10 seconds
2025-07-05 22:04:10 error: Mikrotik connection error: Timed out after 10 seconds
2025-07-05 22:06:12 error: Mikrotik connection error: Timed out after 10 seconds
2025-07-05 22:07:12 error: Mikrotik connection error: Timed out after 10 seconds
2025-07-05 22:08:12 error: Mikrotik connection error: Timed out after 10 seconds
2025-07-05 22:09:12 error: Mikrotik connection error: Timed out after 10 seconds
2025-07-05 22:10:16 error: Mikrotik connection error: Timed out after 10 seconds
2025-07-05 22:11:12 error: Mikrotik connection error: Timed out after 10 seconds
2025-07-05 22:12:12 error: Mikrotik connection error: Timed out after 10 seconds
2025-07-05 22:18:17 error: Mikrotik connection error: Timed out after 10 seconds
2025-07-05 22:19:17 error: Mikrotik connection error: Timed out after 10 seconds
2025-07-05 22:20:17 error: Mikrotik connection error: Timed out after 10 seconds
2025-07-05 22:21:17 error: Mikrotik connection error: Timed out after 10 seconds
2025-07-05 22:22:21 error: Mikrotik connection error: Timed out after 10 seconds
2025-07-05 22:22:41 error: Mikrotik connection error: Timed out after 10 seconds
2025-07-05 22:23:18 error: Mikrotik connection error: Timed out after 10 seconds
2025-07-05 22:23:33 error: Mikrotik connection error: Timed out after 10 seconds
2025-07-05 22:24:17 error: Mikrotik connection error: Timed out after 10 seconds
2025-07-05 22:25:17 error: Mikrotik connection error: Timed out after 10 seconds
2025-07-05 22:26:17 error: Mikrotik connection error: Timed out after 10 seconds
2025-07-05 22:27:17 error: Mikrotik connection error: Timed out after 10 seconds
2025-07-05 22:28:18 error: Mikrotik connection error: Timed out after 10 seconds
2025-07-05 22:29:17 error: Mikrotik connection error: Timed out after 10 seconds
2025-07-05 22:30:18 error: Mikrotik connection error: Timed out after 10 seconds
2025-07-05 22:31:17 error: Mikrotik connection error: Timed out after 10 seconds
2025-07-05 22:32:17 error: Mikrotik connection error: Timed out after 10 seconds
2025-07-05 22:33:17 error: Mikrotik connection error: Timed out after 10 seconds
2025-07-05 22:34:17 error: Mikrotik connection error: Timed out after 10 seconds
2025-07-05 22:35:17 error: Mikrotik connection error: Timed out after 10 seconds
2025-07-05 22:36:18 error: Mikrotik connection error: Timed out after 10 seconds
2025-07-05 22:37:18 error: Mikrotik connection error: Timed out after 10 seconds
2025-07-05 22:38:18 error: Mikrotik connection error: Timed out after 10 seconds
2025-07-05 22:39:18 error: Mikrotik connection error: Timed out after 10 seconds
2025-07-05 22:40:18 error: Mikrotik connection error: Timed out after 10 seconds
2025-07-05 22:41:18 error: Mikrotik connection error: Timed out after 10 seconds
2025-07-05 22:42:18 error: Mikrotik connection error: Timed out after 10 seconds
2025-07-05 22:43:18 error: Mikrotik connection error: Timed out after 10 seconds
2025-07-05 22:44:18 error: Mikrotik connection error: Timed out after 10 seconds
2025-07-05 22:45:18 error: Mikrotik connection error: Timed out after 10 seconds
2025-07-05 22:46:18 error: Mikrotik connection error: Timed out after 10 seconds
2025-07-05 22:47:18 error: Mikrotik connection error: Timed out after 10 seconds
2025-07-05 22:48:18 error: Mikrotik connection error: Timed out after 10 seconds
2025-07-05 22:49:18 error: Mikrotik connection error: Timed out after 10 seconds
2025-07-05 22:50:18 error: Mikrotik connection error: Timed out after 10 seconds
2025-07-05 22:51:18 error: Mikrotik connection error: Timed out after 10 seconds
2025-07-05 22:52:18 error: Mikrotik connection error: Timed out after 10 seconds
2025-07-05 22:53:18 error: Mikrotik connection error: Timed out after 10 seconds
2025-07-14 13:27:00 error: ❌ Port 3100 is already in use!
2025-07-14 13:27:36 error: Error getting all devices: Invalid URL
2025-07-14 13:27:36 error: Error getting all devices: Invalid URL
2025-07-14 13:27:46 error: Mikrotik connection error: Timed out after 10 seconds
2025-07-14 13:27:51 error: Error getting all devices: Invalid URL
2025-07-14 13:27:54 error: Error getting all devices: Invalid URL
2025-07-14 13:27:54 error: Error getting all devices: Invalid URL
2025-07-14 13:28:05 error: Mikrotik connection error: Timed out after 10 seconds
2025-07-14 13:28:25 error: Error getting all devices: Invalid URL
2025-07-14 13:28:25 error: Error getting all devices: Invalid URL
2025-07-14 13:28:35 error: Mikrotik connection error: Timed out after 10 seconds
2025-07-14 13:28:55 error: Error getting all devices: Invalid URL
2025-07-14 13:28:55 error: Error getting all devices: Invalid URL
2025-07-14 13:29:05 error: Mikrotik connection error: Timed out after 10 seconds
2025-07-14 13:29:25 error: Error getting all devices: Invalid URL
2025-07-14 13:29:25 error: Error getting all devices: Invalid URL
2025-07-14 13:29:35 error: Mikrotik connection error: Timed out after 10 seconds
2025-07-14 13:29:55 error: Error getting all devices: Invalid URL
2025-07-14 13:29:55 error: Error getting all devices: Invalid URL
2025-07-14 13:30:05 error: Mikrotik connection error: Timed out after 10 seconds
2025-07-14 13:30:25 error: Error getting all devices: Invalid URL
2025-07-14 13:30:25 error: Error getting all devices: Invalid URL
2025-07-14 13:30:35 error: Mikrotik connection error: Timed out after 10 seconds
2025-07-14 13:30:55 error: Error getting all devices: Invalid URL
2025-07-14 13:30:55 error: Error getting all devices: Invalid URL
2025-07-14 13:31:05 error: Mikrotik connection error: Timed out after 10 seconds
2025-07-14 13:31:25 error: Error getting all devices: Invalid URL
2025-07-14 13:31:25 error: Error getting all devices: Invalid URL
2025-07-14 13:31:35 error: Mikrotik connection error: Timed out after 10 seconds
2025-07-14 13:31:45 error: ❌ Port 3100 is already in use!
2025-07-14 13:31:59 error: Error getting all devices: Invalid URL
2025-07-14 13:32:00 error: Error getting all devices: Invalid URL
2025-07-14 13:32:10 error: Mikrotik connection error: Timed out after 10 seconds
2025-07-14 13:34:19 error: ❌ Port 3100 is already in use!
2025-07-14 13:34:47 error: Mikrotik connection error: Timed out after 10 seconds
2025-07-14 13:35:17 error: Mikrotik connection error: Timed out after 10 seconds
2025-07-14 13:35:27 error: Error getting interface traffic:
2025-07-14 13:35:45 error: Mikrotik connection error: Timed out after 10 seconds
2025-07-14 13:36:08 error: Mikrotik connection error: Timed out after 10 seconds
2025-07-14 13:36:38 error: Mikrotik connection error: Timed out after 10 seconds
2025-07-14 13:37:08 error: Mikrotik connection error: Timed out after 10 seconds
2025-07-14 13:37:38 error: Mikrotik connection error: Timed out after 10 seconds
2025-07-14 13:38:08 error: Mikrotik connection error: Timed out after 10 seconds
2025-07-14 13:39:57 error: ❌ Port 3100 is already in use!
2025-07-14 14:00:16 error: ❌ Port 3100 is already in use!
2025-07-14 14:05:22 error: Error connecting to Mikrotik: 
2025-07-14 14:14:07 error: ❌ Port 3100 is already in use!
2025-07-14 14:14:45 error: Error connecting to Mikrotik: 
2025-07-14 14:14:45 error: No Mikrotik connection available for PPPoE monitoring
2025-07-14 14:19:13 error: Error connecting to Mikrotik: 
2025-07-14 14:22:18 error: ❌ Port 3100 is already in use!
2025-07-14 14:27:39 error: Error connecting to Mikrotik: 
2025-07-14 20:13:54 error: ❌ Port 3100 is already in use!
2025-07-14 20:14:34 error: Error connecting to Mikrotik: 
2025-07-14 20:14:34 error: No Mikrotik connection available for PPPoE monitoring
2025-07-14 20:15:35 error: Error connecting to Mikrotik: 
2025-07-14 20:15:35 error: No Mikrotik connection available
2025-07-14 20:15:37 error: Error connecting to Mikrotik: 
2025-07-14 20:15:37 error: No Mikrotik connection available
2025-07-14 20:15:40 error: Error connecting to Mikrotik: 
2025-07-14 20:15:40 error: No Mikrotik connection available
2025-07-14 20:15:42 error: Error connecting to Mikrotik: 
2025-07-14 20:15:44 error: Error connecting to Mikrotik: 
2025-07-14 20:15:44 error: No Mikrotik connection available
2025-07-14 20:15:44 error: Error connecting to Mikrotik: 
2025-07-14 20:15:46 error: Error connecting to Mikrotik: 
2025-07-14 20:15:46 error: No Mikrotik connection available
2025-07-14 20:15:46 error: Error connecting to Mikrotik: 
2025-07-14 20:15:46 error: No Mikrotik connection available
2025-07-14 20:15:48 error: Error connecting to Mikrotik: 
2025-07-14 20:15:48 error: No Mikrotik connection available
2025-07-14 20:15:50 error: Error connecting to Mikrotik: 
2025-07-14 20:15:50 error: No Mikrotik connection available
2025-07-14 20:15:52 error: Error connecting to Mikrotik: 
2025-07-14 20:15:52 error: No Mikrotik connection available
2025-07-14 20:18:59 error: Error connecting to Mikrotik: 
2025-07-14 20:23:49 error: Error connecting to Mikrotik: 
2025-07-14 20:23:51 error: Error connecting to Mikrotik: 
2025-07-14 20:23:51 error: No Mikrotik connection available
2025-07-14 20:23:53 error: Error connecting to Mikrotik: 
2025-07-14 20:23:53 error: No Mikrotik connection available
2025-07-14 20:23:55 error: Error connecting to Mikrotik: 
2025-07-14 20:23:55 error: No Mikrotik connection available
2025-07-14 20:23:57 error: Error connecting to Mikrotik: 
2025-07-14 20:23:57 error: No Mikrotik connection available
2025-07-14 20:26:28 error: Error connecting to Mikrotik: 
2025-07-14 20:26:30 error: Error connecting to Mikrotik: 
2025-07-14 20:26:30 error: No Mikrotik connection available
2025-07-14 20:26:32 error: Error connecting to Mikrotik: 
2025-07-14 20:26:32 error: No Mikrotik connection available
2025-07-14 20:26:34 error: Error connecting to Mikrotik: 
2025-07-14 20:26:34 error: No Mikrotik connection available
2025-07-14 20:26:36 error: Error connecting to Mikrotik: 
2025-07-14 20:26:36 error: No Mikrotik connection available
2025-07-14 20:26:44 error: ❌ Port 3100 is already in use!
2025-07-14 20:26:53 error: Error connecting to Mikrotik: 
2025-07-14 20:26:55 error: Error connecting to Mikrotik: 
2025-07-14 20:26:55 error: No Mikrotik connection available
2025-07-14 20:26:57 error: Error connecting to Mikrotik: 
2025-07-14 20:26:57 error: No Mikrotik connection available
2025-07-14 20:26:59 error: Error connecting to Mikrotik: 
2025-07-14 20:26:59 error: No Mikrotik connection available
2025-07-14 20:27:01 error: Error connecting to Mikrotik: 
2025-07-14 20:27:01 error: No Mikrotik connection available
2025-07-14 20:30:16 error: Error connecting to Mikrotik: 
2025-07-14 20:30:18 error: Error connecting to Mikrotik: 
2025-07-14 20:30:18 error: No Mikrotik connection available
2025-07-14 20:30:20 error: Error connecting to Mikrotik: 
2025-07-14 20:30:20 error: No Mikrotik connection available
2025-07-14 20:30:22 error: Error connecting to Mikrotik: 
2025-07-14 20:30:22 error: No Mikrotik connection available
2025-07-14 20:30:24 error: Error connecting to Mikrotik: 
2025-07-14 20:30:24 error: No Mikrotik connection available
2025-07-14 20:31:01 error: ❌ Port 3100 is already in use!
2025-07-14 20:31:09 error: Error connecting to Mikrotik: 
2025-07-14 20:31:11 error: Error connecting to Mikrotik: 
2025-07-14 20:31:11 error: No Mikrotik connection available
2025-07-14 20:31:13 error: Error connecting to Mikrotik: 
2025-07-14 20:31:13 error: No Mikrotik connection available
2025-07-14 20:31:15 error: Error connecting to Mikrotik: 
2025-07-14 20:31:15 error: No Mikrotik connection available
2025-07-14 20:31:17 error: Error connecting to Mikrotik: 
2025-07-14 20:31:17 error: No Mikrotik connection available
2025-07-14 20:32:39 error: Error connecting to Mikrotik: 
2025-07-14 20:32:41 error: Error connecting to Mikrotik: 
2025-07-14 20:32:41 error: No Mikrotik connection available
2025-07-14 20:32:43 error: Error connecting to Mikrotik: 
2025-07-14 20:32:43 error: No Mikrotik connection available
2025-07-14 20:32:45 error: Error connecting to Mikrotik: 
2025-07-14 20:32:45 error: No Mikrotik connection available
2025-07-14 20:32:47 error: Error connecting to Mikrotik: 
2025-07-14 20:32:47 error: No Mikrotik connection available
2025-07-14 20:34:10 error: Error connecting to Mikrotik: 
2025-07-14 20:34:12 error: Error connecting to Mikrotik: 
2025-07-14 20:34:12 error: No Mikrotik connection available
2025-07-14 20:34:12 error: Error connecting to Mikrotik: 
2025-07-14 20:34:14 error: Error connecting to Mikrotik: 
2025-07-14 20:34:14 error: No Mikrotik connection available
2025-07-14 20:34:14 error: Error connecting to Mikrotik: 
2025-07-14 20:34:14 error: No Mikrotik connection available
2025-07-14 20:34:16 error: Error connecting to Mikrotik: 
2025-07-14 20:34:16 error: No Mikrotik connection available
2025-07-14 20:34:16 error: Error connecting to Mikrotik: 
2025-07-14 20:34:16 error: No Mikrotik connection available
2025-07-14 20:34:18 error: Error connecting to Mikrotik: 
2025-07-14 20:34:18 error: No Mikrotik connection available
2025-07-14 20:34:18 error: Error connecting to Mikrotik: 
2025-07-14 20:34:18 error: No Mikrotik connection available
2025-07-14 20:34:20 error: Error connecting to Mikrotik: 
2025-07-14 20:34:20 error: No Mikrotik connection available
2025-07-14 20:35:44 error: ❌ Port 3100 is already in use!
2025-07-14 20:35:59 error: Error connecting to Mikrotik: MikroTik configuration not available
2025-07-14 20:35:59 error: Error connecting to Mikrotik: MikroTik configuration not available
2025-07-14 20:35:59 error: No Mikrotik connection available
2025-07-14 20:35:59 error: Error connecting to Mikrotik: MikroTik configuration not available
2025-07-14 20:35:59 error: No Mikrotik connection available
2025-07-14 20:35:59 error: Error connecting to Mikrotik: MikroTik configuration not available
2025-07-14 20:35:59 error: No Mikrotik connection available
2025-07-14 20:35:59 error: Error connecting to Mikrotik: MikroTik configuration not available
2025-07-14 20:35:59 error: No Mikrotik connection available
2025-07-14 20:38:09 error: ❌ Port 3100 is already in use!
2025-07-14 20:38:18 error: Error getting interface traffic:
2025-07-14 20:38:28 error: Mikrotik connection error: Timed out after 10 seconds
2025-07-14 20:40:01 error: Mikrotik connection error: Timed out after 10 seconds
2025-07-14 20:40:32 error: Mikrotik connection error: Timed out after 10 seconds
2025-07-14 20:41:02 error: Mikrotik connection error: Timed out after 10 seconds
2025-07-14 20:41:31 error: Mikrotik connection error: Timed out after 10 seconds
2025-07-14 20:42:01 error: Mikrotik connection error: Timed out after 10 seconds
2025-07-14 20:42:31 error: Mikrotik connection error: Timed out after 10 seconds
2025-07-14 20:43:02 error: Mikrotik connection error: Timed out after 10 seconds
2025-07-14 20:43:19 error: Mikrotik connection error: Timed out after 10 seconds
2025-07-14 20:43:23 error: Mikrotik connection error: Timed out after 10 seconds
2025-07-14 20:43:32 error: Mikrotik connection error: Timed out after 10 seconds
2025-07-14 20:44:18 error: Mikrotik connection error: Timed out after 10 seconds
2025-07-14 20:44:48 error: Mikrotik connection error: Timed out after 10 seconds
2025-07-14 20:45:18 error: Mikrotik connection error: Timed out after 10 seconds
2025-07-14 20:45:48 error: Mikrotik connection error: Timed out after 10 seconds
2025-07-14 20:46:18 error: Mikrotik connection error: Timed out after 10 seconds
2025-07-14 20:46:48 error: Mikrotik connection error: Timed out after 10 seconds
2025-07-14 20:47:18 error: Mikrotik connection error: Timed out after 10 seconds
2025-07-14 20:47:55 error: Mikrotik connection error: Timed out after 10 seconds
2025-07-14 20:48:25 error: Mikrotik connection error: Timed out after 10 seconds
2025-07-14 20:48:55 error: Mikrotik connection error: Timed out after 10 seconds
